{"meta": {"version": "6.5.0", "timestamp": "2022-11-19T20:02:33.503839", "branch_coverage": true, "show_contexts": false}, "files": {"managetemplates/__init__.py": {"executed_lines": [1, 3, 6, 7], "summary": {"covered_lines": 3, "num_statements": 3, "percent_covered": 100.0, "percent_covered_display": "100", "missing_lines": 0, "excluded_lines": 0, "num_branches": 0, "num_partial_branches": 0, "covered_branches": 0, "missing_branches": 0}, "missing_lines": [], "excluded_lines": [], "executed_branches": [], "missing_branches": []}, "managetemplates/__main__.py": {"executed_lines": [], "summary": {"covered_lines": 0, "num_statements": 5, "percent_covered": 0.0, "percent_covered_display": "0", "missing_lines": 5, "excluded_lines": 0, "num_branches": 2, "num_partial_branches": 0, "covered_branches": 0, "missing_branches": 2}, "missing_lines": [5, 8, 9, 12, 13], "excluded_lines": [], "executed_branches": [], "missing_branches": [[12, -1], [12, 13]]}, "managetemplates/cli.py": {"executed_lines": [1, 2, 3, 4, 5, 7, 8, 9, 10, 12, 13, 16, 17, 18, 20, 23, 32, 37, 48, 50, 51, 52, 53, 54, 56, 59, 60, 64, 67, 68, 69, 70, 73, 75, 78, 79, 87, 88, 98], "summary": {"covered_lines": 39, "num_statements": 57, "percent_covered": 62.6865671641791, "percent_covered_display": "63", "missing_lines": 18, "excluded_lines": 0, "num_branches": 10, "num_partial_branches": 1, "covered_branches": 3, "missing_branches": 7}, "missing_lines": [24, 25, 26, 27, 28, 29, 33, 34, 71, 84, 92, 93, 94, 95, 99, 100, 102, 104], "excluded_lines": [], "executed_branches": [[53, 54], [53, 56], [70, 73]], "missing_branches": [[27, 28], [27, 29], [33, -33], [33, 34], [70, 71], [100, 102], [100, 104]]}, "managetemplates/utilities/__init__.py": {"executed_lines": [1], "summary": {"covered_lines": 0, "num_statements": 0, "percent_covered": 100.0, "percent_covered_display": "100", "missing_lines": 0, "excluded_lines": 0, "num_branches": 0, "num_partial_branches": 0, "covered_branches": 0, "missing_branches": 0}, "missing_lines": [], "excluded_lines": [], "executed_branches": [], "missing_branches": []}, "managetemplates/utilities/cookiecutter_utils.py": {"executed_lines": [1, 2, 4, 5, 7, 10, 11, 12, 14, 17, 18, 21, 28, 29, 31, 33], "summary": {"covered_lines": 16, "num_statements": 17, "percent_covered": 89.47368421052632, "percent_covered_display": "89", "missing_lines": 1, "excluded_lines": 0, "num_branches": 2, "num_partial_branches": 1, "covered_branches": 1, "missing_branches": 1}, "missing_lines": [19], "excluded_lines": [], "executed_branches": [[18, 21]], "missing_branches": [[18, 19]]}, "managetemplates/utilities/subprocess_utils.py": {"executed_lines": [1, 2, 3, 4, 7, 8, 9, 10, 11, 14, 28, 29, 30, 32, 33, 43], "summary": {"covered_lines": 16, "num_statements": 34, "percent_covered": 41.30434782608695, "percent_covered_display": "41", "missing_lines": 18, "excluded_lines": 0, "num_branches": 12, "num_partial_branches": 1, "covered_branches": 3, "missing_branches": 9}, "missing_lines": [15, 16, 18, 19, 20, 21, 22, 23, 24, 25, 34, 35, 36, 37, 38, 39, 40, 41], "excluded_lines": [], "executed_branches": [[11, -11], [11, -7], [11, 11], [29, 30]], "missing_branches": [[15, 16], [15, 18], [21, 22], [21, 23], [23, 24], [23, 25], [29, 32], [39, 40], [39, 41]]}, "managetemplates/utilities/test_project_utils.py": {"executed_lines": [1, 2, 3, 5, 7, 10, 11, 12, 13, 15, 22, 23, 24], "summary": {"covered_lines": 13, "num_statements": 13, "percent_covered": 100.0, "percent_covered_display": "100", "missing_lines": 0, "excluded_lines": 0, "num_branches": 0, "num_partial_branches": 0, "covered_branches": 0, "missing_branches": 0}, "missing_lines": [], "excluded_lines": [], "executed_branches": [], "missing_branches": []}}, "totals": {"covered_lines": 87, "num_statements": 129, "percent_covered": 60.645161290322584, "percent_covered_display": "61", "missing_lines": 42, "excluded_lines": 0, "num_branches": 26, "num_partial_branches": 3, "covered_branches": 7, "missing_branches": 19}}